 [*] Waiting for logs. To exit press CTRL+C
 [x] invalid username or password
 [x] invalid username or password
 [*] Waiting for logs. To exit press CTRL+C
 [x] invalid username or password
 [*] Waiting for logs. To exit press CTRL+C
 [*] Waiting for logs. To exit press CTRL+C
 [x] invalid username or password
 [*] Waiting for logs. To exit press CTRL+C
 [x] invalid username or password
 [*] Waiting for logs. To exit press CTRL+C
 [x] username already exists in database
 [x] username already exists in database
 [x] username already exists in database
 [*] Waiting for logs. To exit press CTRL+C
 [x] username already exists in database
 [x] username already exists in database
 [*] Waiting for logs. To exit press CTRL+C
 [x] username already exists in database
 [x] username already exists in database
 [*] Waiting for logs. To exit press CTRL+C
 [x] username already exists in database
 [x] invalid username or password
 [x] invalid username or password
 [x] invalid username or password
 [x] invalid username or password
 [*] Waiting for logs. To exit press CTRL+C
 [x] invalid username or password
 [*] Waiting for logs. To exit press CTRL+C
 [*] Waiting for logs. To exit press CTRL+C
 [x] invalid username or password
 [*] Waiting for logs. To exit press CTRL+C
 [x] invalid username or password
 [*] Waiting for logs. To exit press CTRL+C
 [*] Waiting for logs. To exit press CTRL+C
 [*] Waiting for logs. To exit press CTRL+C
 [x] invalid username or password
 [x] invalid username or password
 [*] Waiting for logs. To exit press CTRL+C
 [x] invalid username or password
 [x] invalid username or password
 [*] Waiting for logs. To exit press CTRL+C
 [x] invalid username or password
 [x] invalid username or password
 [x] invalid username or password
 [x] invalid username or password
 [x] invalid username or password
 [x] invalid username or password
 [x] invalid username or password
 [x] invalid username or password homie on 2022.10.26 @ 03:14:23pm @ jp-VirtualBox
 [*] Waiting for logs. To exit press CTRL+C
 [*] Waiting for logs. To exit press CTRL+C
 [x] ./publishLog.php on 2022.10.31 @ 03:15:11pm @ jp-VirtualBox
 [x] ./publishLog.php on 2022.10.31 @ 03:15:42pm @ jp-VirtualBox
 [x] ./publishLog.php on 2022.10.31 @ 03:16:28pm @ jp-VirtualBox
 [x] apples on 2022.10.31 @ 03:17:13pm @ jp-VirtualBox
 [x] apples on 2022.10.31 @ 03:17:48pm @ jp-VirtualBox
 [x] bish on 2022.10.31 @ 03:26:08pm @ jp-VirtualBox
 [x] bish on 2022.10.31 @ 03:26:52pm @ jp-VirtualBox
 [x] bish on 2022.10.31 @ 03:28:08pm @ jp-VirtualBox
 [x] yoyo on 2022.10.31 @ 03:33:50pm @ jp-VirtualBox
 [x] yoyo on 2022.10.31 @ 03:34:40pm @ jp-VirtualBox
 [*] Waiting for logs. To exit press CTRL+C
 [x] gabagoo on 2022.10.31 @ 03:37:13pm @ jp-VirtualBox
 [x] hi on 2022.10.31 @ 03:38:30pm @ jp-VirtualBox
 [x] hi on 2022.10.31 @ 03:38:52pm @ jp-VirtualBox
 [x] hi on 2022.10.31 @ 03:38:52pm @ jp-VirtualBox
 [x] hi on 2022.10.31 @ 03:38:53pm @ jp-VirtualBox
 [x] hi on 2022.10.31 @ 03:38:53pm @ jp-VirtualBox
 [x] hi on 2022.10.31 @ 03:38:54pm @ jp-VirtualBox
 [x] plswork on 2022.10.31 @ 03:39:27pm @ jp-VirtualBox
 [x] plswork on 2022.10.31 @ 03:41:27pm @ jp-VirtualBox
 [*] Waiting for logs. To exit press CTRL+C
 [x] ./publishLog.php on 2022.10.31 @ 04:01:01pm @ gabe-VirtualBox
 [x] ../publishLog.php on 2022.10.31 @ 04:03:14pm @ gabe-VirtualBox
 [x] shirts grabbed on 2022.10.31 @ 04:04:29pm @ gabe-VirtualBox
 [x] tops grabbed on 2022.10.31 @ 04:19:00pm @ gabe-VirtualBox
 [x] shirts grabbed on 2022.10.31 @ 04:26:32pm @ gabe-VirtualBox
 [x] error main: idList not 20 on 2022.10.31 @ 04:26:32pm @ gabe-VirtualBox
 [x] shirts grabbed on 2022.10.31 @ 04:34:44pm @ gabe-VirtualBox
 [x] tops grabbed on 2022.10.31 @ 04:35:13pm @ gabe-VirtualBox
 [x] shirts grabbed on 2022.10.31 @ 04:48:40pm @ gabe-VirtualBox
 [x] tops grabbed on 2022.10.31 @ 04:49:11pm @ gabe-VirtualBox
 [x] shirts grabbed on 2022.10.31 @ 04:56:53pm @ gabe-VirtualBox
 [x] error parser:21 didn't get all pid's on 2022.10.31 @ 04:56:54pm @ gabe-VirtualBox
 [x] shirts grabbed on 2022.10.31 @ 04:57:35pm @ gabe-VirtualBox
 [x] error parser:21 didn't get all pid's on 2022.10.31 @ 04:57:36pm @ gabe-VirtualBox
 [x] error main: idList not 20 on 2022.10.31 @ 04:57:36pm @ gabe-VirtualBox
 [x] tops grabbed on 2022.10.31 @ 04:58:05pm @ gabe-VirtualBox
 [x] invalid username or password homie on 2022.10.31 @ 05:13:16pm @ jenn-VirtualBox
 [x] username or password invalid to on 2022.10.31 @ 05:41:48pm @ jenn-VirtualBox
 [x] invalid username or password homie on 2022.10.31 @ 06:02:40pm @ jenn-VirtualBox
 [x] invalid username or password homie on 2022.10.31 @ 07:06:10pm @ jenn-VirtualBox
 [*] Waiting for logs. To exit press CTRL+C
 [x] invalid username or password homie on 2022.11.01 @ 12:33:47pm @ jenn-VirtualBox
 [x] shirts grabbed on 2022.11.01 @ 03:52:09pm @ gabe-VirtualBox
 [x] tops grabbed on 2022.11.01 @ 03:52:42pm @ gabe-VirtualBox
 [x] shirts grabbed on 2022.11.01 @ 03:56:15pm @ gabe-VirtualBox
 [x] tops grabbed on 2022.11.01 @ 03:56:52pm @ gabe-VirtualBox
 [x] shirts grabbed on 2022.11.01 @ 04:12:57pm @ gabe-VirtualBox
 [x] tops grabbed on 2022.11.01 @ 04:13:31pm @ gabe-VirtualBox
 [*] Waiting for logs. To exit press CTRL+C
 [x] shirts grabbed on 2022.11.01 @ 04:17:34pm @ gabe-VirtualBox
 [x] shirts grabbed on 2022.11.01 @ 04:17:34pm @ gabe-VirtualBox
 [x] tops grabbed on 2022.11.01 @ 04:18:09pm @ gabe-VirtualBox
 [x] tops grabbed on 2022.11.01 @ 04:18:09pm @ gabe-VirtualBox
 [x] Mens shirts grabbed on 2022.11.01 @ 04:20:56pm @ gabe-VirtualBox
 [x] Mens shirts grabbed on 2022.11.01 @ 04:20:56pm @ gabe-VirtualBox
 [x] Women tops grabbed on 2022.11.01 @ 04:21:42pm @ gabe-VirtualBox
 [x] Women tops grabbed on 2022.11.01 @ 04:21:42pm @ gabe-VirtualBox
 [x] Mens shirts grabbed on 2022.11.01 @ 04:29:17pm @ gabe-VirtualBox
 [x] Mens shirts grabbed on 2022.11.01 @ 04:29:17pm @ gabe-VirtualBox
 [x] Women tops grabbed on 2022.11.01 @ 04:30:00pm @ gabe-VirtualBox
 [x] Women tops grabbed on 2022.11.01 @ 04:30:00pm @ gabe-VirtualBox
 [x] Mens shirts grabbed on 2022.11.01 @ 04:32:29pm @ gabe-VirtualBox
 [x] Mens shirts grabbed on 2022.11.01 @ 04:32:29pm @ gabe-VirtualBox
 [x] Women tops grabbed on 2022.11.01 @ 04:33:11pm @ gabe-VirtualBox
 [x] Women tops grabbed on 2022.11.01 @ 04:33:11pm @ gabe-VirtualBox
 [x] Mens shirts grabbed on 2022.11.01 @ 04:39:56pm @ gabe-VirtualBox
 [x] Mens shirts grabbed on 2022.11.01 @ 04:39:56pm @ gabe-VirtualBox
 [x] Mens shirts grabbed on 2022.11.01 @ 04:41:28pm @ gabe-VirtualBox
 [x] Mens shirts grabbed on 2022.11.01 @ 04:41:28pm @ gabe-VirtualBox
 [x] Mens shirts grabbed on 2022.11.01 @ 04:46:40pm @ gabe-VirtualBox
 [x] Mens shirts grabbed on 2022.11.01 @ 04:46:40pm @ gabe-VirtualBox
 [x] Mens shirts grabbed on 2022.11.01 @ 04:48:17pm @ gabe-VirtualBox
 [x] Mens shirts grabbed on 2022.11.01 @ 04:48:17pm @ gabe-VirtualBox
 [x] Women tops grabbed on 2022.11.01 @ 04:48:58pm @ gabe-VirtualBox
 [x] Women tops grabbed on 2022.11.01 @ 04:48:58pm @ gabe-VirtualBox
 [*] Waiting for logs. To exit press CTRL+C
 [*] Waiting for logs. To exit press CTRL+C
 [x] Mens shirts grabbed on 2022.11.01 @ 10:54:20pm @ gabe-VirtualBox
 [x] Women tops grabbed on 2022.11.01 @ 10:54:56pm @ gabe-VirtualBox
 [*] Waiting for logs. To exit press CTRL+C
 [*] Waiting for logs. To exit press CTRL+C
 [x] eminemhatesyou on 2022.11.03 @ 10:02:43am @ jp-VirtualBox
 [x] invalid username or password homie on 2022.11.03 @ 01:34:06pm @ jenn-VirtualBox
 [*] Waiting for logs. To exit press CTRL+C
 [x] invalid username or password homie on 2022.11.03 @ 01:36:23pm @ jenn-VirtualBox
 [x] invalid username or password homie on 2022.11.03 @ 01:36:23pm @ jenn-VirtualBox
 [x] invalid username or password homie on 2022.11.03 @ 01:36:46pm @ jenn-VirtualBox
 [x] invalid username or password homie on 2022.11.03 @ 01:36:46pm @ jenn-VirtualBox
 [x] Mens shirts grabbed on 2022.11.03 @ 01:57:55pm @ jp-VirtualBox
 [x] Mens shirts grabbed on 2022.11.03 @ 01:57:55pm @ jp-VirtualBox
